<?xml version="1.0" encoding="UTF-8"?>
<!-- Generated by org.testng.reporters.JUnitXMLReporter -->
<testsuite ignored="0" hostname="DESKTOP-9O50N1Q" failures="1" tests="2" name="Default test" time="45.429" errors="0" timestamp="2024-09-26T22:48:38 IST">
  <testcase classname="io.cucumber.testng.AbstractTestNGCucumberTests" name="runScenario" time="19.726"/>
  <testcase classname="io.cucumber.testng.AbstractTestNGCucumberTests" name="runScenario" time="24.799">
    <failure type="java.lang.NullPointerException" message="Cannot invoke &amp;quot;GenericUtils.ReuseableMethods.WaitUntilElementVisible(org.openqa.selenium.WebElement)&amp;quot; because &amp;quot;this.reuseable&amp;quot; is null">
      <![CDATA[java.lang.NullPointerException: Cannot invoke "GenericUtils.ReuseableMethods.WaitUntilElementVisible(org.openqa.selenium.WebElement)" because "this.reuseable" is null
at POMClasses.LoginPageOrangeHRM.log_In(LoginPageOrangeHRM.java:62)
at stepDefinations.LogInTestSD.click_on_log_in_btn(LogInTestSD.java:39)
at ✽.Click on LogIn Btn(file:///E:/EclipsWorkSpace/OrangeHRMPortalAutomationFinal/src/test/java/featureFiles/LoginTestBase.feature:8)
]]>
    </failure>
  </testcase> <!-- runScenario -->
</testsuite> <!-- Default test -->
