<?xml version="1.0" encoding="UTF-8"?>
<!-- Generated by org.testng.reporters.JUnitXMLReporter -->
<testsuite ignored="0" hostname="DESKTOP-9O50N1Q" failures="0" tests="0" name="CucumberRunner" time="0.787" errors="0" timestamp="2024-09-25T22:30:49 IST">
  <testcase classname="io.cucumber.testng.AbstractTestNGCucumberTests" name="@BeforeClass setUpClass" time="0.721">
    <failure type="io.cucumber.java.InvalidMethodSignatureException" message="A method annotated with BeforeAll or AfterAll must have one of these signatures:
 * public static void before_or_after_all()
at stepDefinations.ExtentReportsUtils.tearDown()

">
      <![CDATA[io.cucumber.java.InvalidMethodSignatureException: A method annotated with BeforeAll or AfterAll must have one of these signatures:
 * public static void before_or_after_all()
at stepDefinations.ExtentReportsUtils.tearDown()


at io.cucumber.java.InvalidMethodSignatureException$InvalidMethodSignatureExceptionBuilder.build(InvalidMethodSignatureException.java:52)
at io.cucumber.java.JavaStaticHookDefinition.createInvalidSignatureException(JavaStaticHookDefinition.java:44)
at io.cucumber.java.JavaStaticHookDefinition.requireValidMethod(JavaStaticHookDefinition.java:28)
at io.cucumber.java.JavaStaticHookDefinition.<init>(JavaStaticHookDefinition.java:17)
at io.cucumber.java.GlueAdaptor.addDefinition(GlueAdaptor.java:37)
at io.cucumber.java.JavaBackend.lambda$loadGlue$1(JavaBackend.java:43)
at io.cucumber.java.MethodScanner.scan(MethodScanner.java:78)
at io.cucumber.java.MethodScanner.scan(MethodScanner.java:69)
at io.cucumber.java.MethodScanner.scan(MethodScanner.java:33)
at io.cucumber.java.JavaBackend.lambda$loadGlue$2(JavaBackend.java:41)
at java.base/java.util.stream.ForEachOps$ForEachOp$OfRef.accept(ForEachOps.java:183)
at java.base/java.util.stream.DistinctOps$1$2.accept(DistinctOps.java:174)
at java.base/java.util.ArrayList$ArrayListSpliterator.forEachRemaining(ArrayList.java:1625)
at java.base/java.util.stream.ReferencePipeline$Head.forEach(ReferencePipeline.java:762)
at java.base/java.util.stream.ReferencePipeline$7$1.accept(ReferencePipeline.java:276)
at java.base/java.util.stream.ReferencePipeline$3$1.accept(ReferencePipeline.java:197)
at java.base/java.util.stream.ReferencePipeline$3$1.accept(ReferencePipeline.java:197)
at java.base/java.util.stream.ReferencePipeline$2$1.accept(ReferencePipeline.java:179)
at java.base/java.util.ArrayList$ArrayListSpliterator.forEachRemaining(ArrayList.java:1625)
at java.base/java.util.stream.AbstractPipeline.copyInto(AbstractPipeline.java:509)
at java.base/java.util.stream.AbstractPipeline.wrapAndCopyInto(AbstractPipeline.java:499)
at java.base/java.util.stream.ForEachOps$ForEachOp.evaluateSequential(ForEachOps.java:150)
at java.base/java.util.stream.ForEachOps$ForEachOp$OfRef.evaluateSequential(ForEachOps.java:173)
at java.base/java.util.stream.AbstractPipeline.evaluate(AbstractPipeline.java:234)
at java.base/java.util.stream.ReferencePipeline.forEach(ReferencePipeline.java:596)
at io.cucumber.java.JavaBackend.loadGlue(JavaBackend.java:41)
at io.cucumber.core.runner.Runner.<init>(Runner.java:56)
at io.cucumber.core.runtime.ThreadLocalRunnerSupplier.createRunner(ThreadLocalRunnerSupplier.java:47)
at java.base/java.lang.ThreadLocal$SuppliedThreadLocal.initialValue(ThreadLocal.java:361)
at java.base/java.lang.ThreadLocal.setInitialValue(ThreadLocal.java:226)
at java.base/java.lang.ThreadLocal.get(ThreadLocal.java:195)
at java.base/java.lang.ThreadLocal.get(ThreadLocal.java:169)
at io.cucumber.core.runtime.ThreadLocalRunnerSupplier.get(ThreadLocalRunnerSupplier.java:40)
at io.cucumber.core.runtime.RethrowingThrowableCollector.executeAndThrow(RethrowingThrowableCollector.java:35)
at io.cucumber.core.runtime.CucumberExecutionContext.getRunner(CucumberExecutionContext.java:140)
at io.cucumber.core.runtime.CucumberExecutionContext.runBeforeAllHooks(CucumberExecutionContext.java:92)
at io.cucumber.testng.TestNGCucumberRunner.<init>(TestNGCucumberRunner.java:124)
at io.cucumber.testng.AbstractTestNGCucumberTests.setUpClass(AbstractTestNGCucumberTests.java:27)
at java.base/java.util.ArrayList.forEach(ArrayList.java:1511)
... Removed 23 stack frames]]>
    </failure>
  </testcase> <!-- @BeforeClass setUpClass -->
</testsuite> <!-- CucumberRunner -->
