<?xml version="1.0" encoding="UTF-8"?>
<testng-results ignored="0" total="2" passed="2" failed="0" skipped="0">
  <reporter-output>
  </reporter-output>
  <suite started-at="2024-09-26T22:59:29 IST" name="Suite" finished-at="2024-09-26T22:59:58 IST" duration-ms="29004">
    <groups>
      <group name="cucumber">
        <method signature="AbstractTestNGCucumberTests.runScenario(io.cucumber.testng.PickleWrapper,io.cucumber.testng.FeatureWrapper)[pri:0, instance:RunnerClasses.TestRunner@71e9ddb4]" name="runScenario" class="io.cucumber.testng.AbstractTestNGCucumberTests"/>
      </group> <!-- cucumber -->
    </groups>
    <test started-at="2024-09-26T22:59:29 IST" name="test" finished-at="2024-09-26T22:59:58 IST" duration-ms="29004">
      <class name="RunnerClasses.TestRunner">
        <test-method is-config="true" signature="setUpClass(org.testng.ITestContext)[pri:0, instance:RunnerClasses.TestRunner@71e9ddb4]" started-at="2024-09-26T22:59:29 IST" name="setUpClass" finished-at="2024-09-26T22:59:29 IST" duration-ms="814" status="PASS">
          <params>
            <param index="0">
              <value>
                <![CDATA[org.testng.TestRunner@5a02bfe3]]>
              </value>
            </param>
          </params>
          <reporter-output>
          </reporter-output>
        </test-method> <!-- setUpClass -->
        <test-method signature="runScenario(io.cucumber.testng.PickleWrapper,io.cucumber.testng.FeatureWrapper)[pri:0, instance:RunnerClasses.TestRunner@71e9ddb4]" started-at="2024-09-26T22:59:30 IST" name="runScenario" description="Runs Cucumber Scenarios" data-provider="scenarios" finished-at="2024-09-26T22:59:46 IST" duration-ms="16044" status="PASS">
          <params>
            <param index="0">
              <value>
                <![CDATA["Validate User can able to LogIn OrangeHRM Portal"]]>
              </value>
            </param>
            <param index="1">
              <value>
                <![CDATA["Log in to OrangeHRM Portal with different Login Creds"]]>
              </value>
            </param>
          </params>
          <reporter-output>
          </reporter-output>
        </test-method> <!-- runScenario -->
        <test-method signature="runScenario(io.cucumber.testng.PickleWrapper,io.cucumber.testng.FeatureWrapper)[pri:0, instance:RunnerClasses.TestRunner@71e9ddb4]" started-at="2024-09-26T22:59:46 IST" name="runScenario" description="Runs Cucumber Scenarios" data-provider="scenarios" finished-at="2024-09-26T22:59:58 IST" duration-ms="12018" status="PASS">
          <params>
            <param index="0">
              <value>
                <![CDATA["Validate User can able to LogIn OrangeHRM Portal"]]>
              </value>
            </param>
            <param index="1">
              <value>
                <![CDATA["Log in to OrangeHRM Portal with different Login Creds"]]>
              </value>
            </param>
          </params>
          <reporter-output>
          </reporter-output>
        </test-method> <!-- runScenario -->
        <test-method is-config="true" signature="tearDownClass()[pri:0, instance:RunnerClasses.TestRunner@71e9ddb4]" started-at="2024-09-26T22:59:58 IST" name="tearDownClass" finished-at="2024-09-26T22:59:58 IST" duration-ms="53" status="PASS">
          <reporter-output>
          </reporter-output>
        </test-method> <!-- tearDownClass -->
      </class> <!-- RunnerClasses.TestRunner -->
    </test> <!-- test -->
  </suite> <!-- Suite -->
</testng-results>
