<?xml version="1.0" encoding="UTF-8"?>
<testng-results ignored="0" total="3" passed="3" failed="0" skipped="0">
  <reporter-output>
  </reporter-output>
  <suite started-at="2024-09-27T22:43:31 IST" name="Suite" finished-at="2024-09-27T22:44:16 IST" duration-ms="45021">
    <groups>
      <group name="cucumber">
        <method signature="AbstractTestNGCucumberTests.runScenario(io.cucumber.testng.PickleWrapper,io.cucumber.testng.FeatureWrapper)[pri:0, instance:RunnerClasses.TestRunner@75db5df9]" name="runScenario" class="io.cucumber.testng.AbstractTestNGCucumberTests"/>
      </group> <!-- cucumber -->
    </groups>
    <test started-at="2024-09-27T22:43:31 IST" name="test" finished-at="2024-09-27T22:44:16 IST" duration-ms="45021">
      <class name="RunnerClasses.TestRunner">
        <test-method is-config="true" signature="setUpClass(org.testng.ITestContext)[pri:0, instance:RunnerClasses.TestRunner@75db5df9]" started-at="2024-09-27T22:43:31 IST" name="setUpClass" finished-at="2024-09-27T22:43:32 IST" duration-ms="750" status="PASS">
          <params>
            <param index="0">
              <value>
                <![CDATA[org.testng.TestRunner@254449bb]]>
              </value>
            </param>
          </params>
          <reporter-output>
          </reporter-output>
        </test-method> <!-- setUpClass -->
        <test-method signature="runScenario(io.cucumber.testng.PickleWrapper,io.cucumber.testng.FeatureWrapper)[pri:0, instance:RunnerClasses.TestRunner@75db5df9]" started-at="2024-09-27T22:43:32 IST" name="runScenario" description="Runs Cucumber Scenarios" data-provider="scenarios" finished-at="2024-09-27T22:43:47 IST" duration-ms="14935" status="PASS">
          <params>
            <param index="0">
              <value>
                <![CDATA["Validate User can able to LogIn OrangeHRM Portal"]]>
              </value>
            </param>
            <param index="1">
              <value>
                <![CDATA["Log in to OrangeHRM Portal with different Login Creds"]]>
              </value>
            </param>
          </params>
          <reporter-output>
          </reporter-output>
        </test-method> <!-- runScenario -->
        <test-method signature="runScenario(io.cucumber.testng.PickleWrapper,io.cucumber.testng.FeatureWrapper)[pri:0, instance:RunnerClasses.TestRunner@75db5df9]" started-at="2024-09-27T22:43:47 IST" name="runScenario" description="Runs Cucumber Scenarios" data-provider="scenarios" finished-at="2024-09-27T22:44:01 IST" duration-ms="14272" status="PASS">
          <params>
            <param index="0">
              <value>
                <![CDATA["Validate User can able to LogIn OrangeHRM Portal"]]>
              </value>
            </param>
            <param index="1">
              <value>
                <![CDATA["Log in to OrangeHRM Portal with different Login Creds"]]>
              </value>
            </param>
          </params>
          <reporter-output>
          </reporter-output>
        </test-method> <!-- runScenario -->
        <test-method signature="runScenario(io.cucumber.testng.PickleWrapper,io.cucumber.testng.FeatureWrapper)[pri:0, instance:RunnerClasses.TestRunner@75db5df9]" started-at="2024-09-27T22:44:01 IST" name="runScenario" description="Runs Cucumber Scenarios" data-provider="scenarios" finished-at="2024-09-27T22:44:16 IST" duration-ms="14909" status="PASS">
          <params>
            <param index="0">
              <value>
                <![CDATA["Test Reset Password Functionality"]]>
              </value>
            </param>
            <param index="1">
              <value>
                <![CDATA["Test Reset Password Functionality"]]>
              </value>
            </param>
          </params>
          <reporter-output>
          </reporter-output>
        </test-method> <!-- runScenario -->
        <test-method is-config="true" signature="tearDownClass()[pri:0, instance:RunnerClasses.TestRunner@75db5df9]" started-at="2024-09-27T22:44:16 IST" name="tearDownClass" finished-at="2024-09-27T22:44:16 IST" duration-ms="74" status="PASS">
          <reporter-output>
          </reporter-output>
        </test-method> <!-- tearDownClass -->
      </class> <!-- RunnerClasses.TestRunner -->
    </test> <!-- test -->
  </suite> <!-- Suite -->
</testng-results>
